{"C:\\Users\\L-125\\Desktop\\LIM009-data-lovers\\src\\data.js": {"path":"C:\\Users\\L-125\\Desktop\\LIM009-data-lovers\\src\\data.js","statementMap":{"0":{"start":{"line":2,"column":23},"end":{"line":10,"column":1}},"1":{"start":{"line":3,"column":12},"end":{"line":3,"column":14}},"2":{"start":{"line":4,"column":2},"end":{"line":8,"column":3}},"3":{"start":{"line":4,"column":15},"end":{"line":4,"column":16}},"4":{"start":{"line":5,"column":4},"end":{"line":7,"column":5}},"5":{"start":{"line":6,"column":6},"end":{"line":6,"column":28}},"6":{"start":{"line":9,"column":2},"end":{"line":9,"column":13}},"7":{"start":{"line":11,"column":17},"end":{"line":17,"column":1}},"8":{"start":{"line":12,"column":2},"end":{"line":16,"column":3}},"9":{"start":{"line":13,"column":4},"end":{"line":13,"column":39}},"10":{"start":{"line":14,"column":9},"end":{"line":16,"column":3}},"11":{"start":{"line":15,"column":4},"end":{"line":15,"column":49}},"12":{"start":{"line":20,"column":16},"end":{"line":20,"column":28}},"13":{"start":{"line":21,"column":16},"end":{"line":21,"column":28}},"14":{"start":{"line":22,"column":2},"end":{"line":26,"column":3}},"15":{"start":{"line":23,"column":4},"end":{"line":23,"column":13}},"16":{"start":{"line":24,"column":9},"end":{"line":26,"column":3}},"17":{"start":{"line":25,"column":4},"end":{"line":25,"column":14}},"18":{"start":{"line":28,"column":16},"end":{"line":39,"column":1}},"19":{"start":{"line":29,"column":17},"end":{"line":29,"column":19}},"20":{"start":{"line":30,"column":13},"end":{"line":30,"column":14}},"21":{"start":{"line":32,"column":2},"end":{"line":35,"column":3}},"22":{"start":{"line":32,"column":15},"end":{"line":32,"column":16}},"23":{"start":{"line":33,"column":4},"end":{"line":33,"column":63}},"24":{"start":{"line":34,"column":4},"end":{"line":34,"column":24}},"25":{"start":{"line":37,"column":2},"end":{"line":37,"column":36}},"26":{"start":{"line":38,"column":2},"end":{"line":38,"column":18}},"27":{"start":{"line":41,"column":22},"end":{"line":57,"column":1}},"28":{"start":{"line":42,"column":17},"end":{"line":42,"column":19}},"29":{"start":{"line":43,"column":2},"end":{"line":55,"column":3}},"30":{"start":{"line":43,"column":15},"end":{"line":43,"column":16}},"31":{"start":{"line":44,"column":4},"end":{"line":54,"column":14}},"32":{"start":{"line":56,"column":2},"end":{"line":56,"column":18}},"33":{"start":{"line":59,"column":0},"end":{"line":65,"column":2}}},"fnMap":{"0":{"name":"(anonymous_0)","decl":{"start":{"line":2,"column":23},"end":{"line":2,"column":24}},"loc":{"start":{"line":2,"column":44},"end":{"line":10,"column":1}},"line":2},"1":{"name":"(anonymous_1)","decl":{"start":{"line":11,"column":17},"end":{"line":11,"column":18}},"loc":{"start":{"line":11,"column":55},"end":{"line":17,"column":1}},"line":11},"2":{"name":"compareNames","decl":{"start":{"line":19,"column":9},"end":{"line":19,"column":21}},"loc":{"start":{"line":19,"column":40},"end":{"line":27,"column":1}},"line":19},"3":{"name":"(anonymous_3)","decl":{"start":{"line":28,"column":16},"end":{"line":28,"column":17}},"loc":{"start":{"line":28,"column":28},"end":{"line":39,"column":1}},"line":28},"4":{"name":"(anonymous_4)","decl":{"start":{"line":41,"column":22},"end":{"line":41,"column":23}},"loc":{"start":{"line":41,"column":34},"end":{"line":57,"column":1}},"line":41}},"branchMap":{"0":{"loc":{"start":{"line":5,"column":4},"end":{"line":7,"column":5}},"type":"if","locations":[{"start":{"line":5,"column":4},"end":{"line":7,"column":5}},{"start":{"line":5,"column":4},"end":{"line":7,"column":5}}],"line":5},"1":{"loc":{"start":{"line":12,"column":2},"end":{"line":16,"column":3}},"type":"if","locations":[{"start":{"line":12,"column":2},"end":{"line":16,"column":3}},{"start":{"line":12,"column":2},"end":{"line":16,"column":3}}],"line":12},"2":{"loc":{"start":{"line":12,"column":6},"end":{"line":12,"column":58}},"type":"binary-expr","locations":[{"start":{"line":12,"column":6},"end":{"line":12,"column":37}},{"start":{"line":12,"column":41},"end":{"line":12,"column":58}}],"line":12},"3":{"loc":{"start":{"line":14,"column":9},"end":{"line":16,"column":3}},"type":"if","locations":[{"start":{"line":14,"column":9},"end":{"line":16,"column":3}},{"start":{"line":14,"column":9},"end":{"line":16,"column":3}}],"line":14},"4":{"loc":{"start":{"line":14,"column":13},"end":{"line":14,"column":66}},"type":"binary-expr","locations":[{"start":{"line":14,"column":13},"end":{"line":14,"column":45}},{"start":{"line":14,"column":49},"end":{"line":14,"column":66}}],"line":14},"5":{"loc":{"start":{"line":22,"column":2},"end":{"line":26,"column":3}},"type":"if","locations":[{"start":{"line":22,"column":2},"end":{"line":26,"column":3}},{"start":{"line":22,"column":2},"end":{"line":26,"column":3}}],"line":22},"6":{"loc":{"start":{"line":24,"column":9},"end":{"line":26,"column":3}},"type":"if","locations":[{"start":{"line":24,"column":9},"end":{"line":26,"column":3}},{"start":{"line":24,"column":9},"end":{"line":26,"column":3}}],"line":24}},"s":{"0":1,"1":1,"2":1,"3":1,"4":2,"5":1,"6":1,"7":1,"8":3,"9":1,"10":2,"11":1,"12":3,"13":3,"14":3,"15":1,"16":2,"17":1,"18":1,"19":1,"20":1,"21":1,"22":1,"23":2,"24":2,"25":1,"26":1,"27":1,"28":1,"29":1,"30":1,"31":2,"32":1,"33":1},"f":{"0":1,"1":3,"2":3,"3":1,"4":1},"b":{"0":[1,1],"1":[1,2],"2":[3,1],"3":[1,1],"4":[2,2],"5":[1,2],"6":[1,1]},"_coverageSchema":"43e27e138ebf9cfc5966b082cf9a028302ed4184","hash":"a6a88b88f2bef45ea36c3f78c8995563f1584199"}
}
