TN:
SF:C:\Users\L-125\Desktop\LIM009-data-lovers\src\data.js
FN:2,(anonymous_0)
FN:11,(anonymous_1)
FN:19,compareNames
FN:30,(anonymous_3)
FN:43,(anonymous_4)
FNF:5
FNH:5
FNDA:1,(anonymous_0)
FNDA:3,(anonymous_1)
FNDA:3,compareNames
FNDA:1,(anonymous_3)
FNDA:1,(anonymous_4)
DA:2,1
DA:3,1
DA:4,1
DA:5,2
DA:6,1
DA:9,1
DA:11,1
DA:12,3
DA:13,1
DA:14,2
DA:15,1
DA:20,3
DA:21,3
DA:22,3
DA:23,1
DA:24,2
DA:25,1
DA:30,1
DA:31,1
DA:32,1
DA:34,1
DA:35,2
DA:36,2
DA:39,1
DA:40,1
DA:43,1
DA:44,1
DA:45,1
DA:46,2
DA:58,1
DA:61,1
LF:31
LH:31
BRDA:5,0,0,1
BRDA:5,0,1,1
BRDA:12,1,0,1
BRDA:12,1,1,2
BRDA:12,2,0,3
BRDA:12,2,1,1
BRDA:14,3,0,1
BRDA:14,3,1,1
BRDA:14,4,0,2
BRDA:14,4,1,2
BRDA:22,5,0,1
BRDA:22,5,1,2
BRDA:24,6,0,1
BRDA:24,6,1,1
BRF:14
BRH:14
end_of_record
